Not searching for unused variables given on the command line.
[31m[1mCMake Error[0m at /usr/share/cmake-3.16/Modules/CMakeDetermineSystem.cmake:173 (file):
  file failed to open for writing (Permission denied):

    /home/pi/catkin_ws/build/teleop_twist_keyboard/CMakeFiles/CMakeOutput.log
[36mCall Stack (most recent call first):[0m
  CMakeLists.txt:2 (project)


CMake Error: Could not open file for write in copy operation /home/pi/catkin_ws/build/teleop_twist_keyboard/CMakeFiles/3.16.3/CMakeSystem.cmake.tmp
CMake Error: : System Error: Permission denied
[31m[1mCMake Error[0m at /usr/share/cmake-3.16/Modules/CMakeDetermineSystem.cmake:185 (configure_file):
  configure_file Problem configuring file
[36mCall Stack (most recent call first):[0m
  CMakeLists.txt:2 (project)


[31m[1mCMake Error[0m at /usr/share/cmake-3.16/Modules/CMakeDetermineCompilerId.cmake:219 (file):
  file failed to open for writing (Permission denied):

    /home/pi/catkin_ws/build/teleop_twist_keyboard/CMakeFiles/3.16.3/CompilerIdC/CMakeCCompilerId.c
[36mCall Stack (most recent call first):[0m
  /usr/share/cmake-3.16/Modules/CMakeDetermineCompilerId.cmake:230 (CMAKE_DETERMINE_COMPILER_ID_WRITE)
  /usr/share/cmake-3.16/Modules/CMakeDetermineCompilerId.cmake:32 (CMAKE_DETERMINE_COMPILER_ID_BUILD)
  /usr/share/cmake-3.16/Modules/CMakeDetermineCCompiler.cmake:116 (CMAKE_DETERMINE_COMPILER_ID)
  CMakeLists.txt:2 (project)


[31m[1mCMake Error[0m at /usr/share/cmake-3.16/Modules/CMakeDetermineCompilerId.cmake:219 (file):
  file failed to open for writing (Permission denied):

    /home/pi/catkin_ws/build/teleop_twist_keyboard/CMakeFiles/3.16.3/CompilerIdC/CMakeCCompilerId.c
[36mCall Stack (most recent call first):[0m
  /usr/share/cmake-3.16/Modules/CMakeDetermineCompilerId.cmake:230 (CMAKE_DETERMINE_COMPILER_ID_WRITE)
  /usr/share/cmake-3.16/Modules/CMakeDetermineCompilerId.cmake:32 (CMAKE_DETERMINE_COMPILER_ID_BUILD)
  /usr/share/cmake-3.16/Modules/CMakeDetermineCCompiler.cmake:116 (CMAKE_DETERMINE_COMPILER_ID)
  CMakeLists.txt:2 (project)


[31m[1mCMake Error[0m at /usr/share/cmake-3.16/Modules/CMakeDetermineCompilerId.cmake:219 (file):
  file failed to open for writing (Permission denied):

    /home/pi/catkin_ws/build/teleop_twist_keyboard/CMakeFiles/3.16.3/CompilerIdC/CMakeCCompilerId.c
[36mCall Stack (most recent call first):[0m
  /usr/share/cmake-3.16/Modules/CMakeDetermineCompilerId.cmake:230 (CMAKE_DETERMINE_COMPILER_ID_WRITE)
  /usr/share/cmake-3.16/Modules/CMakeDetermineCompilerId.cmake:32 (CMAKE_DETERMINE_COMPILER_ID_BUILD)
  /usr/share/cmake-3.16/Modules/CMakeDetermineCCompiler.cmake:116 (CMAKE_DETERMINE_COMPILER_ID)
  CMakeLists.txt:2 (project)


[31m[1mCMake Error[0m at /usr/share/cmake-3.16/Modules/CMakeDetermineCompilerId.cmake:219 (file):
  file failed to open for writing (Permission denied):

    /home/pi/catkin_ws/build/teleop_twist_keyboard/CMakeFiles/3.16.3/CompilerIdC/CMakeCCompilerId.c
[36mCall Stack (most recent call first):[0m
  /usr/share/cmake-3.16/Modules/CMakeDetermineCompilerId.cmake:230 (CMAKE_DETERMINE_COMPILER_ID_WRITE)
  /usr/share/cmake-3.16/Modules/CMakeDetermineCompilerId.cmake:32 (CMAKE_DETERMINE_COMPILER_ID_BUILD)
  /usr/share/cmake-3.16/Modules/CMakeDetermineCCompiler.cmake:116 (CMAKE_DETERMINE_COMPILER_ID)
  CMakeLists.txt:2 (project)


[31m[1mCMake Error[0m at /usr/share/cmake-3.16/Modules/CMakeDetermineCompilerId.cmake:219 (file):
  file failed to open for writing (Permission denied):

    /home/pi/catkin_ws/build/teleop_twist_keyboard/CMakeFiles/3.16.3/CompilerIdC/CMakeCCompilerId.c
[36mCall Stack (most recent call first):[0m
  /usr/share/cmake-3.16/Modules/CMakeDetermineCompilerId.cmake:230 (CMAKE_DETERMINE_COMPILER_ID_WRITE)
  /usr/share/cmake-3.16/Modules/CMakeDetermineCompilerId.cmake:32 (CMAKE_DETERMINE_COMPILER_ID_BUILD)
  /usr/share/cmake-3.16/Modules/CMakeDetermineCCompiler.cmake:116 (CMAKE_DETERMINE_COMPILER_ID)
  CMakeLists.txt:2 (project)


[31m[1mCMake Error[0m at /usr/share/cmake-3.16/Modules/CMakeDetermineCompilerId.cmake:219 (file):
  file failed to open for writing (Permission denied):

    /home/pi/catkin_ws/build/teleop_twist_keyboard/CMakeFiles/3.16.3/CompilerIdC/CMakeCCompilerId.c
[36mCall Stack (most recent call first):[0m
  /usr/share/cmake-3.16/Modules/CMakeDetermineCompilerId.cmake:230 (CMAKE_DETERMINE_COMPILER_ID_WRITE)
  /usr/share/cmake-3.16/Modules/CMakeDetermineCompilerId.cmake:32 (CMAKE_DETERMINE_COMPILER_ID_BUILD)
  /usr/share/cmake-3.16/Modules/CMakeDetermineCCompiler.cmake:116 (CMAKE_DETERMINE_COMPILER_ID)
  CMakeLists.txt:2 (project)


[31m[1mCMake Error[0m at /usr/share/cmake-3.16/Modules/CMakeDetermineCompilerId.cmake:219 (file):
  file failed to open for writing (Permission denied):

    /home/pi/catkin_ws/build/teleop_twist_keyboard/CMakeFiles/3.16.3/CompilerIdC/CMakeCCompilerId.c
[36mCall Stack (most recent call first):[0m
  /usr/share/cmake-3.16/Modules/CMakeDetermineCompilerId.cmake:230 (CMAKE_DETERMINE_COMPILER_ID_WRITE)
  /usr/share/cmake-3.16/Modules/CMakeDetermineCompilerId.cmake:32 (CMAKE_DETERMINE_COMPILER_ID_BUILD)
  /usr/share/cmake-3.16/Modules/CMakeDetermineCCompiler.cmake:116 (CMAKE_DETERMINE_COMPILER_ID)
  CMakeLists.txt:2 (project)


[31m[1mCMake Error[0m at /usr/share/cmake-3.16/Modules/CMakeDetermineCompilerId.cmake:219 (file):
  file failed to open for writing (Permission denied):

    /home/pi/catkin_ws/build/teleop_twist_keyboard/CMakeFiles/3.16.3/CompilerIdC/CMakeCCompilerId.c
[36mCall Stack (most recent call first):[0m
  /usr/share/cmake-3.16/Modules/CMakeDetermineCompilerId.cmake:230 (CMAKE_DETERMINE_COMPILER_ID_WRITE)
  /usr/share/cmake-3.16/Modules/CMakeDetermineCompilerId.cmake:32 (CMAKE_DETERMINE_COMPILER_ID_BUILD)
  /usr/share/cmake-3.16/Modules/CMakeDetermineCCompiler.cmake:116 (CMAKE_DETERMINE_COMPILER_ID)
  CMakeLists.txt:2 (project)


[31m[1mCMake Error[0m at /usr/share/cmake-3.16/Modules/CMakeDetermineCompilerId.cmake:219 (file):
  file failed to open for writing (Permission denied):

    /home/pi/catkin_ws/build/teleop_twist_keyboard/CMakeFiles/3.16.3/CompilerIdC/CMakeCCompilerId.c
[36mCall Stack (most recent call first):[0m
  /usr/share/cmake-3.16/Modules/CMakeDetermineCompilerId.cmake:230 (CMAKE_DETERMINE_COMPILER_ID_WRITE)
  /usr/share/cmake-3.16/Modules/CMakeDetermineCompilerId.cmake:32 (CMAKE_DETERMINE_COMPILER_ID_BUILD)
  /usr/share/cmake-3.16/Modules/CMakeDetermineCCompiler.cmake:116 (CMAKE_DETERMINE_COMPILER_ID)
  CMakeLists.txt:2 (project)


[31m[1mCMake Error[0m at /usr/share/cmake-3.16/Modules/CMakeDetermineCompilerId.cmake:219 (file):
  file failed to open for writing (Permission denied):

    /home/pi/catkin_ws/build/teleop_twist_keyboard/CMakeFiles/3.16.3/CompilerIdC/CMakeCCompilerId.c
[36mCall Stack (most recent call first):[0m
  /usr/share/cmake-3.16/Modules/CMakeDetermineCompilerId.cmake:230 (CMAKE_DETERMINE_COMPILER_ID_WRITE)
  /usr/share/cmake-3.16/Modules/CMakeDetermineCompilerId.cmake:32 (CMAKE_DETERMINE_COMPILER_ID_BUILD)
  /usr/share/cmake-3.16/Modules/CMakeDetermineCCompiler.cmake:116 (CMAKE_DETERMINE_COMPILER_ID)
  CMakeLists.txt:2 (project)


[31m[1mCMake Error[0m at /usr/share/cmake-3.16/Modules/CMakeDetermineCompilerId.cmake:879 (file):
  file failed to open for writing (Permission denied):

    /home/pi/catkin_ws/build/teleop_twist_keyboard/CMakeFiles/CMakeError.log
[36mCall Stack (most recent call first):[0m
  /usr/share/cmake-3.16/Modules/CMakeDetermineCompilerId.cmake:60 (CMAKE_DETERMINE_COMPILER_ID_VENDOR)
  /usr/share/cmake-3.16/Modules/CMakeDetermineCCompiler.cmake:116 (CMAKE_DETERMINE_COMPILER_ID)
  CMakeLists.txt:2 (project)


[31m[1mCMake Error[0m at /usr/share/cmake-3.16/Modules/CMakeDetermineCompilerId.cmake:879 (file):
  file failed to open for writing (Permission denied):

    /home/pi/catkin_ws/build/teleop_twist_keyboard/CMakeFiles/CMakeError.log
[36mCall Stack (most recent call first):[0m
  /usr/share/cmake-3.16/Modules/CMakeDetermineCompilerId.cmake:60 (CMAKE_DETERMINE_COMPILER_ID_VENDOR)
  /usr/share/cmake-3.16/Modules/CMakeDetermineCCompiler.cmake:116 (CMAKE_DETERMINE_COMPILER_ID)
  CMakeLists.txt:2 (project)


[36m--[0m The C compiler identification is unknown
CMake Error: Could not open file for write in copy operation /home/pi/catkin_ws/build/teleop_twist_keyboard/CMakeFiles/3.16.3/CMakeCCompiler.cmake.tmp
CMake Error: : System Error: Permission denied
[31m[1mCMake Error[0m at /usr/share/cmake-3.16/Modules/CMakeDetermineCCompiler.cmake:212 (configure_file):
  configure_file Problem configuring file
[36mCall Stack (most recent call first):[0m
  CMakeLists.txt:2 (project)


CMake Error: Could not find cmake module file: /home/pi/catkin_ws/build/teleop_twist_keyboard/CMakeFiles/3.16.3/CMakeCCompiler.cmake
[31m[1mCMake Error[0m at /usr/share/cmake-3.16/Modules/CMakeDetermineCompilerId.cmake:219 (file):
  file failed to open for writing (Permission denied):

    /home/pi/catkin_ws/build/teleop_twist_keyboard/CMakeFiles/3.16.3/CompilerIdCXX/CMakeCXXCompilerId.cpp
[36mCall Stack (most recent call first):[0m
  /usr/share/cmake-3.16/Modules/CMakeDetermineCompilerId.cmake:230 (CMAKE_DETERMINE_COMPILER_ID_WRITE)
  /usr/share/cmake-3.16/Modules/CMakeDetermineCompilerId.cmake:32 (CMAKE_DETERMINE_COMPILER_ID_BUILD)
  /usr/share/cmake-3.16/Modules/CMakeDetermineCXXCompiler.cmake:111 (CMAKE_DETERMINE_COMPILER_ID)
  CMakeLists.txt:2 (project)


[31m[1mCMake Error[0m at /usr/share/cmake-3.16/Modules/CMakeDetermineCompilerId.cmake:219 (file):
  file failed to open for writing (Permission denied):

    /home/pi/catkin_ws/build/teleop_twist_keyboard/CMakeFiles/3.16.3/CompilerIdCXX/CMakeCXXCompilerId.cpp
[36mCall Stack (most recent call first):[0m
  /usr/share/cmake-3.16/Modules/CMakeDetermineCompilerId.cmake:230 (CMAKE_DETERMINE_COMPILER_ID_WRITE)
  /usr/share/cmake-3.16/Modules/CMakeDetermineCompilerId.cmake:32 (CMAKE_DETERMINE_COMPILER_ID_BUILD)
  /usr/share/cmake-3.16/Modules/CMakeDetermineCXXCompiler.cmake:111 (CMAKE_DETERMINE_COMPILER_ID)
  CMakeLists.txt:2 (project)


[31m[1mCMake Error[0m at /usr/share/cmake-3.16/Modules/CMakeDetermineCompilerId.cmake:219 (file):
  file failed to open for writing (Permission denied):

    /home/pi/catkin_ws/build/teleop_twist_keyboard/CMakeFiles/3.16.3/CompilerIdCXX/CMakeCXXCompilerId.cpp
[36mCall Stack (most recent call first):[0m
  /usr/share/cmake-3.16/Modules/CMakeDetermineCompilerId.cmake:230 (CMAKE_DETERMINE_COMPILER_ID_WRITE)
  /usr/share/cmake-3.16/Modules/CMakeDetermineCompilerId.cmake:32 (CMAKE_DETERMINE_COMPILER_ID_BUILD)
  /usr/share/cmake-3.16/Modules/CMakeDetermineCXXCompiler.cmake:111 (CMAKE_DETERMINE_COMPILER_ID)
  CMakeLists.txt:2 (project)


[31m[1mCMake Error[0m at /usr/share/cmake-3.16/Modules/CMakeDetermineCompilerId.cmake:219 (file):
  file failed to open for writing (Permission denied):

    /home/pi/catkin_ws/build/teleop_twist_keyboard/CMakeFiles/3.16.3/CompilerIdCXX/CMakeCXXCompilerId.cpp
[36mCall Stack (most recent call first):[0m
  /usr/share/cmake-3.16/Modules/CMakeDetermineCompilerId.cmake:230 (CMAKE_DETERMINE_COMPILER_ID_WRITE)
  /usr/share/cmake-3.16/Modules/CMakeDetermineCompilerId.cmake:32 (CMAKE_DETERMINE_COMPILER_ID_BUILD)
  /usr/share/cmake-3.16/Modules/CMakeDetermineCXXCompiler.cmake:111 (CMAKE_DETERMINE_COMPILER_ID)
  CMakeLists.txt:2 (project)


[31m[1mCMake Error[0m at /usr/share/cmake-3.16/Modules/CMakeDetermineCompilerId.cmake:219 (file):
  file failed to open for writing (Permission denied):

    /home/pi/catkin_ws/build/teleop_twist_keyboard/CMakeFiles/3.16.3/CompilerIdCXX/CMakeCXXCompilerId.cpp
[36mCall Stack (most recent call first):[0m
  /usr/share/cmake-3.16/Modules/CMakeDetermineCompilerId.cmake:230 (CMAKE_DETERMINE_COMPILER_ID_WRITE)
  /usr/share/cmake-3.16/Modules/CMakeDetermineCompilerId.cmake:32 (CMAKE_DETERMINE_COMPILER_ID_BUILD)
  /usr/share/cmake-3.16/Modules/CMakeDetermineCXXCompiler.cmake:111 (CMAKE_DETERMINE_COMPILER_ID)
  CMakeLists.txt:2 (project)


[31m[1mCMake Error[0m at /usr/share/cmake-3.16/Modules/CMakeDetermineCompilerId.cmake:219 (file):
  file failed to open for writing (Permission denied):

    /home/pi/catkin_ws/build/teleop_twist_keyboard/CMakeFiles/3.16.3/CompilerIdCXX/CMakeCXXCompilerId.cpp
[36mCall Stack (most recent call first):[0m
  /usr/share/cmake-3.16/Modules/CMakeDetermineCompilerId.cmake:230 (CMAKE_DETERMINE_COMPILER_ID_WRITE)
  /usr/share/cmake-3.16/Modules/CMakeDetermineCompilerId.cmake:32 (CMAKE_DETERMINE_COMPILER_ID_BUILD)
  /usr/share/cmake-3.16/Modules/CMakeDetermineCXXCompiler.cmake:111 (CMAKE_DETERMINE_COMPILER_ID)
  CMakeLists.txt:2 (project)


[31m[1mCMake Error[0m at /usr/share/cmake-3.16/Modules/CMakeDetermineCompilerId.cmake:219 (file):
  file failed to open for writing (Permission denied):

    /home/pi/catkin_ws/build/teleop_twist_keyboard/CMakeFiles/3.16.3/CompilerIdCXX/CMakeCXXCompilerId.cpp
[36mCall Stack (most recent call first):[0m
  /usr/share/cmake-3.16/Modules/CMakeDetermineCompilerId.cmake:230 (CMAKE_DETERMINE_COMPILER_ID_WRITE)
  /usr/share/cmake-3.16/Modules/CMakeDetermineCompilerId.cmake:32 (CMAKE_DETERMINE_COMPILER_ID_BUILD)
  /usr/share/cmake-3.16/Modules/CMakeDetermineCXXCompiler.cmake:111 (CMAKE_DETERMINE_COMPILER_ID)
  CMakeLists.txt:2 (project)


[31m[1mCMake Error[0m at /usr/share/cmake-3.16/Modules/CMakeDetermineCompilerId.cmake:219 (file):
  file failed to open for writing (Permission denied):

    /home/pi/catkin_ws/build/teleop_twist_keyboard/CMakeFiles/3.16.3/CompilerIdCXX/CMakeCXXCompilerId.cpp
[36mCall Stack (most recent call first):[0m
  /usr/share/cmake-3.16/Modules/CMakeDetermineCompilerId.cmake:230 (CMAKE_DETERMINE_COMPILER_ID_WRITE)
  /usr/share/cmake-3.16/Modules/CMakeDetermineCompilerId.cmake:32 (CMAKE_DETERMINE_COMPILER_ID_BUILD)
  /usr/share/cmake-3.16/Modules/CMakeDetermineCXXCompiler.cmake:111 (CMAKE_DETERMINE_COMPILER_ID)
  CMakeLists.txt:2 (project)


[31m[1mCMake Error[0m at /usr/share/cmake-3.16/Modules/CMakeDetermineCompilerId.cmake:219 (file):
  file failed to open for writing (Permission denied):

    /home/pi/catkin_ws/build/teleop_twist_keyboard/CMakeFiles/3.16.3/CompilerIdCXX/CMakeCXXCompilerId.cpp
[36mCall Stack (most recent call first):[0m
  /usr/share/cmake-3.16/Modules/CMakeDetermineCompilerId.cmake:230 (CMAKE_DETERMINE_COMPILER_ID_WRITE)
  /usr/share/cmake-3.16/Modules/CMakeDetermineCompilerId.cmake:32 (CMAKE_DETERMINE_COMPILER_ID_BUILD)
  /usr/share/cmake-3.16/Modules/CMakeDetermineCXXCompiler.cmake:111 (CMAKE_DETERMINE_COMPILER_ID)
  CMakeLists.txt:2 (project)


[31m[1mCMake Error[0m at /usr/share/cmake-3.16/Modules/CMakeDetermineCompilerId.cmake:219 (file):
  file failed to open for writing (Permission denied):

    /home/pi/catkin_ws/build/teleop_twist_keyboard/CMakeFiles/3.16.3/CompilerIdCXX/CMakeCXXCompilerId.cpp
[36mCall Stack (most recent call first):[0m
  /usr/share/cmake-3.16/Modules/CMakeDetermineCompilerId.cmake:230 (CMAKE_DETERMINE_COMPILER_ID_WRITE)
  /usr/share/cmake-3.16/Modules/CMakeDetermineCompilerId.cmake:32 (CMAKE_DETERMINE_COMPILER_ID_BUILD)
  /usr/share/cmake-3.16/Modules/CMakeDetermineCXXCompiler.cmake:111 (CMAKE_DETERMINE_COMPILER_ID)
  CMakeLists.txt:2 (project)


[31m[1mCMake Error[0m at /usr/share/cmake-3.16/Modules/CMakeDetermineCompilerId.cmake:879 (file):
  file failed to open for writing (Permission denied):

    /home/pi/catkin_ws/build/teleop_twist_keyboard/CMakeFiles/CMakeError.log
[36mCall Stack (most recent call first):[0m
  /usr/share/cmake-3.16/Modules/CMakeDetermineCompilerId.cmake:60 (CMAKE_DETERMINE_COMPILER_ID_VENDOR)
  /usr/share/cmake-3.16/Modules/CMakeDetermineCXXCompiler.cmake:111 (CMAKE_DETERMINE_COMPILER_ID)
  CMakeLists.txt:2 (project)


[31m[1mCMake Error[0m at /usr/share/cmake-3.16/Modules/CMakeDetermineCompilerId.cmake:879 (file):
  file failed to open for writing (Permission denied):

    /home/pi/catkin_ws/build/teleop_twist_keyboard/CMakeFiles/CMakeError.log
[36mCall Stack (most recent call first):[0m
  /usr/share/cmake-3.16/Modules/CMakeDetermineCompilerId.cmake:60 (CMAKE_DETERMINE_COMPILER_ID_VENDOR)
  /usr/share/cmake-3.16/Modules/CMakeDetermineCXXCompiler.cmake:111 (CMAKE_DETERMINE_COMPILER_ID)
  CMakeLists.txt:2 (project)


[36m--[0m The CXX compiler identification is unknown
CMake Error: Could not open file for write in copy operation /home/pi/catkin_ws/build/teleop_twist_keyboard/CMakeFiles/3.16.3/CMakeCXXCompiler.cmake.tmp
CMake Error: : System Error: Permission denied
[31m[1mCMake Error[0m at /usr/share/cmake-3.16/Modules/CMakeDetermineCXXCompiler.cmake:210 (configure_file):
  configure_file Problem configuring file
[36mCall Stack (most recent call first):[0m
  CMakeLists.txt:2 (project)


CMake Error: Could not find cmake module file: /home/pi/catkin_ws/build/teleop_twist_keyboard/CMakeFiles/3.16.3/CMakeCXXCompiler.cmake
[36m--[0m Check for working C compiler: /usr/bin/cc
[31m[1mCMake Error[0m at /usr/share/cmake-3.16/Modules/CMakeTestCCompiler.cmake:32 (file):
  file failed to open for writing (Permission denied):

    /home/pi/catkin_ws/build/teleop_twist_keyboard/CMakeFiles/CMakeTmp/testCCompiler.c
[36mCall Stack (most recent call first):[0m
  CMakeLists.txt:2 (project)


[31m[1mCMake Error[0m at /usr/share/cmake-3.16/Modules/CMakeTestCCompiler.cmake:44 (try_compile):
  Unknown extension ".c" for file

    /home/pi/catkin_ws/build/teleop_twist_keyboard/CMakeFiles/CMakeTmp/testCCompiler.c

  try_compile() works only for enabled languages.  Currently these are:

    C CXX

  See project() command to enable other languages.
[36mCall Stack (most recent call first):[0m
  CMakeLists.txt:2 (project)


[31m[1mCMake Error[0m at /usr/share/cmake-3.16/Modules/CMakeTestCCompiler.cmake:56 (file):
  file failed to open for writing (Permission denied):

    /home/pi/catkin_ws/build/teleop_twist_keyboard/CMakeFiles/CMakeError.log
[36mCall Stack (most recent call first):[0m
  CMakeLists.txt:2 (project)


[31m[1mCMake Error[0m at /usr/share/cmake-3.16/Modules/CMakeTestCCompiler.cmake:60 (message):
  The C compiler

    "/usr/bin/cc"

  is not able to compile a simple test program.

  It fails with the following output:





  CMake will not be able to correctly generate this project.
[36mCall Stack (most recent call first):[0m
  CMakeLists.txt:2 (project)


[36m--[0m Check for working C compiler: /usr/bin/cc -- broken
[36m--[0m Configuring incomplete, errors occurred!
CMake Error: Cannot open file for write: /home/pi/catkin_ws/build/teleop_twist_keyboard/CMakeCache.txt.tmp
CMake Error: : System Error: Permission denied
CMake Error: Unable to open cache file for save. /home/pi/catkin_ws/build/teleop_twist_keyboard/CMakeCache.txt
CMake Error: : System Error: Permission denied
