[35m[1mScanning dependencies of target vmxpi_ros_bringup_gencfg[0m
[  5%] [34m[1mGenerating dynamic reconfigure files from cfg/motor_speed.cfg: /home/pi/catkin_ws/devel/.private/vmxpi_ros_bringup/include/vmxpi_ros_bringup/motor_speedConfig.h /home/pi/catkin_ws/devel/.private/vmxpi_ros_bringup/lib/python3/dist-packages/vmxpi_ros_bringup/cfg/motor_speedConfig.py[0m
Generating reconfiguration files for MotorSpeed in vmxpi_ros_bringup
Wrote header file in /home/pi/catkin_ws/devel/.private/vmxpi_ros_bringup/include/vmxpi_ros_bringup/MotorSpeedConfig.h
[  5%] Built target vmxpi_ros_bringup_gencfg
[35m[1mScanning dependencies of target teleop_node[0m
[35m[1mScanning dependencies of target titan_node[0m
[35m[1mScanning dependencies of target navx_node[0m
[35m[1mScanning dependencies of target limit_switches[0m
[ 10%] [32mBuilding CXX object CMakeFiles/titan_node.dir/src/titan_node.cpp.o[0m
[ 15%] [32mBuilding CXX object CMakeFiles/limit_switches.dir/src/limit_switches.cpp.o[0m
[ 21%] [32mBuilding CXX object CMakeFiles/navx_node.dir/src/navx_node.cpp.o[0m
[ 26%] [32mBuilding CXX object CMakeFiles/teleop_node.dir/src/teleop_node.cpp.o[0m
[ 31%] [32m[1mLinking CXX executable /home/pi/catkin_ws/devel/.private/vmxpi_ros_bringup/lib/vmxpi_ros_bringup/limit_switches[0m
[ 31%] Built target limit_switches
[35m[1mScanning dependencies of target main_node[0m
[ 36%] [32mBuilding CXX object CMakeFiles/main_node.dir/src/main.cpp.o[0m
[ 42%] [32m[1mLinking CXX executable /home/pi/catkin_ws/devel/.private/vmxpi_ros_bringup/lib/vmxpi_ros_bringup/navx_node[0m
[ 47%] [32m[1mLinking CXX executable /home/pi/catkin_ws/devel/.private/vmxpi_ros_bringup/lib/vmxpi_ros_bringup/titan_node[0m
[ 47%] Built target navx_node
[35m[1mScanning dependencies of target servo_node[0m
[ 52%] [32mBuilding CXX object CMakeFiles/servo_node.dir/src/servo_node.cpp.o[0m
[ 52%] Built target titan_node
[35m[1mScanning dependencies of target ultrasonic_node[0m
[ 57%] [32mBuilding CXX object CMakeFiles/ultrasonic_node.dir/src/ultrasonic_node.cpp.o[0m
[ 63%] [32m[1mLinking CXX executable /home/pi/catkin_ws/devel/.private/vmxpi_ros_bringup/lib/vmxpi_ros_bringup/teleop_node[0m
[ 63%] Built target teleop_node
[35m[1mScanning dependencies of target test_node[0m
[ 68%] [32mBuilding CXX object CMakeFiles/test_node.dir/src/test_node.cpp.o[0m
[ 73%] [32m[1mLinking CXX executable /home/pi/catkin_ws/devel/.private/vmxpi_ros_bringup/lib/vmxpi_ros_bringup/main_node[0m
[ 73%] Built target main_node
[35m[1mScanning dependencies of target sharp_node[0m
[ 78%] [32mBuilding CXX object CMakeFiles/sharp_node.dir/src/sharp_node.cpp.o[0m
[ 84%] [32m[1mLinking CXX executable /home/pi/catkin_ws/devel/.private/vmxpi_ros_bringup/lib/vmxpi_ros_bringup/servo_node[0m
[ 84%] Built target servo_node
[ 89%] [32m[1mLinking CXX executable /home/pi/catkin_ws/devel/.private/vmxpi_ros_bringup/lib/vmxpi_ros_bringup/ultrasonic_node[0m
[ 89%] Built target ultrasonic_node
In file included from [01m[K/usr/include/c++/8/vector:69[m[K,
                 from [01m[K/usr/include/boost/math/special_functions/math_fwd.hpp:26[m[K,
                 from [01m[K/usr/include/boost/math/special_functions/round.hpp:15[m[K,
                 from [01m[K/opt/ros/noetic/include/ros/time.h:58[m[K,
                 from [01m[K/opt/ros/noetic/include/ros/ros.h:38[m[K,
                 from [01m[K/home/pi/catkin_ws/src/vmxpi_ros/vmxpi_ros_bringup/../vmxpi_ros_titan/include/TitanDriver_ros_wrapper.h:4[m[K,
                 from [01m[K/home/pi/catkin_ws/src/vmxpi_ros/vmxpi_ros_bringup/src/test_node.cpp:1[m[K:
[01m[K/usr/include/c++/8/bits/vector.tcc:[m[K In member function ‘[01m[Kvoid std::vector<_Tp, _Alloc>::emplace_back(_Args&& ...) [with _Args = {dynamic_reconfigure::DoubleParameter_<std::allocator<void> >}; _Tp = dynamic_reconfigure::DoubleParameter_<std::allocator<void> >; _Alloc = std::allocator<dynamic_reconfigure::DoubleParameter_<std::allocator<void> > >][m[K’:
[01m[K/usr/include/c++/8/bits/vector.tcc:109:4:[m[K [01;36m[Knote: [m[Kparameter passing for argument of type ‘[01m[K__gnu_cxx::__normal_iterator<dynamic_reconfigure::DoubleParameter_<std::allocator<void> >*, std::vector<dynamic_reconfigure::DoubleParameter_<std::allocator<void> >, std::allocator<dynamic_reconfigure::DoubleParameter_<std::allocator<void> > > > >[m[K’ changed in GCC 7.1
    [01;36m[K_M_realloc_insert[m[K(end(), std::forward<_Args>(__args)...);
    [01;36m[K^~~~~~~~~~~~~~~~~[m[K
[01m[K/usr/include/c++/8/bits/vector.tcc:[m[K In member function ‘[01m[Kvoid std::vector<_Tp, _Alloc>::_M_realloc_insert(std::vector<_Tp, _Alloc>::iterator, _Args&& ...) [with _Args = {dynamic_reconfigure::DoubleParameter_<std::allocator<void> >}; _Tp = dynamic_reconfigure::DoubleParameter_<std::allocator<void> >; _Alloc = std::allocator<dynamic_reconfigure::DoubleParameter_<std::allocator<void> > >][m[K’:
[01m[K/usr/include/c++/8/bits/vector.tcc:413:7:[m[K [01;36m[Knote: [m[Kparameter passing for argument of type ‘[01m[Kstd::vector<dynamic_reconfigure::DoubleParameter_<std::allocator<void> >, std::allocator<dynamic_reconfigure::DoubleParameter_<std::allocator<void> > > >::iterator[m[K’ {aka ‘[01m[K__gnu_cxx::__normal_iterator<dynamic_reconfigure::DoubleParameter_<std::allocator<void> >*, std::vector<dynamic_reconfigure::DoubleParameter_<std::allocator<void> >, std::allocator<dynamic_reconfigure::DoubleParameter_<std::allocator<void> > > > >[m[K’} changed in GCC 7.1
       [01;36m[Kvector<_Tp, _Alloc>[m[K::
       [01;36m[K^~~~~~~~~~~~~~~~~~~[m[K
[ 94%] [32m[1mLinking CXX executable /home/pi/catkin_ws/devel/.private/vmxpi_ros_bringup/lib/vmxpi_ros_bringup/sharp_node[0m
In file included from [01m[K/usr/include/c++/8/memory:65[m[K,
                 from [01m[K/home/pi/catkin_ws/src/vmxpi_ros/vmxpi_ros_bringup/../vmxpi_ros_titan/include/TitanDriver_ros_wrapper.h:3[m[K,
                 from [01m[K/home/pi/catkin_ws/src/vmxpi_ros/vmxpi_ros_bringup/src/test_node.cpp:1[m[K:
[01m[K/usr/include/c++/8/bits/stl_uninitialized.h:[m[K In function ‘[01m[K_ForwardIterator std::__uninitialized_move_if_noexcept_a(_InputIterator, _InputIterator, _ForwardIterator, _Allocator&) [with _InputIterator = dynamic_reconfigure::DoubleParameter_<std::allocator<void> >*; _ForwardIterator = dynamic_reconfigure::DoubleParameter_<std::allocator<void> >*; _Allocator = std::allocator<dynamic_reconfigure::DoubleParameter_<std::allocator<void> > >][m[K’:
[01m[K/usr/include/c++/8/bits/stl_uninitialized.h:311:2:[m[K [01;36m[Knote: [m[Kparameter passing for argument of type ‘[01m[Kstd::move_iterator<dynamic_reconfigure::DoubleParameter_<std::allocator<void> >*>[m[K’ changed in GCC 7.1
       return [01;36m[Kstd::__uninitialized_copy_a[m[K
              [01;36m[K~~~~~~~~~~~~~~~~~~~~~~~~~~~[m[K
 [01;36m[K (_GLIBCXX_MAKE_MOVE_IF_NOEXCEPT_ITERATOR(__first),[m[K
  [01;36m[K^~~~~~~~~~~~~~~~~~~~~~~~~~~~~~~~~~~~~~~~~~~~~~~~~~[m[K
 [01;36m[K  _GLIBCXX_MAKE_MOVE_IF_NOEXCEPT_ITERATOR(__last), __result, __alloc)[m[K;
   [01;36m[K~~~~~~~~~~~~~~~~~~~~~~~~~~~~~~~~~~~~~~~~~~~~~~~~~~~~~~~~~~~~~~~~~~~[m[K
[01m[K/usr/include/c++/8/bits/stl_uninitialized.h:[m[K In function ‘[01m[K_ForwardIterator std::__uninitialized_copy_a(_InputIterator, _InputIterator, _ForwardIterator, std::allocator<_Tp>&) [with _InputIterator = std::move_iterator<dynamic_reconfigure::DoubleParameter_<std::allocator<void> >*>; _ForwardIterator = dynamic_reconfigure::DoubleParameter_<std::allocator<void> >*; _Tp = dynamic_reconfigure::DoubleParameter_<std::allocator<void> >][m[K’:
[01m[K/usr/include/c++/8/bits/stl_uninitialized.h:287:5:[m[K [01;36m[Knote: [m[Kparameter passing for argument of type ‘[01m[Kstd::move_iterator<dynamic_reconfigure::DoubleParameter_<std::allocator<void> >*>[m[K’ changed in GCC 7.1
     [01;36m[K__uninitialized_copy_a[m[K(_InputIterator __first, _InputIterator __last,
     [01;36m[K^~~~~~~~~~~~~~~~~~~~~~[m[K
[01m[K/usr/include/c++/8/bits/stl_uninitialized.h:287:5:[m[K [01;36m[Knote: [m[Kparameter passing for argument of type ‘[01m[Kstd::move_iterator<dynamic_reconfigure::DoubleParameter_<std::allocator<void> >*>[m[K’ changed in GCC 7.1
[01m[K/usr/include/c++/8/bits/stl_uninitialized.h:289:37:[m[K [01;36m[Knote: [m[Kparameter passing for argument of type ‘[01m[Kstd::move_iterator<dynamic_reconfigure::DoubleParameter_<std::allocator<void> >*>[m[K’ changed in GCC 7.1
     { return [01;36m[Kstd::uninitialized_copy(__first, __last, __result)[m[K; }
              [01;36m[K~~~~~~~~~~~~~~~~~~~~~~~^~~~~~~~~~~~~~~~~~~~~~~~~~~[m[K
[01m[K/usr/include/c++/8/bits/stl_uninitialized.h:[m[K In function ‘[01m[K_ForwardIterator std::uninitialized_copy(_InputIterator, _InputIterator, _ForwardIterator) [with _InputIterator = std::move_iterator<dynamic_reconfigure::DoubleParameter_<std::allocator<void> >*>; _ForwardIterator = dynamic_reconfigure::DoubleParameter_<std::allocator<void> >*][m[K’:
[01m[K/usr/include/c++/8/bits/stl_uninitialized.h:115:5:[m[K [01;36m[Knote: [m[Kparameter passing for argument of type ‘[01m[Kstd::move_iterator<dynamic_reconfigure::DoubleParameter_<std::allocator<void> >*>[m[K’ changed in GCC 7.1
     [01;36m[Kuninitialized_copy[m[K(_InputIterator __first, _InputIterator __last,
     [01;36m[K^~~~~~~~~~~~~~~~~~[m[K
[01m[K/usr/include/c++/8/bits/stl_uninitialized.h:115:5:[m[K [01;36m[Knote: [m[Kparameter passing for argument of type ‘[01m[Kstd::move_iterator<dynamic_reconfigure::DoubleParameter_<std::allocator<void> >*>[m[K’ changed in GCC 7.1
[01m[K/usr/include/c++/8/bits/stl_uninitialized.h:134:15:[m[K [01;36m[Knote: [m[Kparameter passing for argument of type ‘[01m[Kstd::move_iterator<dynamic_reconfigure::DoubleParameter_<std::allocator<void> >*>[m[K’ changed in GCC 7.1
       return [01;36m[Kstd::__uninitialized_copy<__is_trivial(_ValueType1)[m[K
              [01;36m[K~~~~~~~~~~~~~~~~~~~~~~~~~~~~~~~~~~~~~~~~~~~~~~~~~~~[m[K
 [01;36m[K           && __is_trivial(_ValueType2)[m[K
            [01;36m[K~~~~~~~~~~~~~~~~~~~~~~~~~~~~[m[K
 [01;36m[K           && __assignable>::[m[K
            [01;36m[K~~~~~~~~~~~~~~~~~~[m[K
 [01;36m[K __uninit_copy(__first, __last, __result)[m[K;
  [01;36m[K~~~~~~~~~~~~~^~~~~~~~~~~~~~~~~~~~~~~~~~~[m[K
[01m[K/usr/include/c++/8/bits/stl_uninitialized.h:[m[K In static member function ‘[01m[Kstatic _ForwardIterator std::__uninitialized_copy<_TrivialValueTypes>::__uninit_copy(_InputIterator, _InputIterator, _ForwardIterator) [with _InputIterator = std::move_iterator<dynamic_reconfigure::DoubleParameter_<std::allocator<void> >*>; _ForwardIterator = dynamic_reconfigure::DoubleParameter_<std::allocator<void> >*; bool _TrivialValueTypes = false][m[K’:
[01m[K/usr/include/c++/8/bits/stl_uninitialized.h:76:9:[m[K [01;36m[Knote: [m[Kparameter passing for argument of type ‘[01m[Kstd::move_iterator<dynamic_reconfigure::DoubleParameter_<std::allocator<void> >*>[m[K’ changed in GCC 7.1
         [01;36m[K__uninit_copy[m[K(_InputIterator __first, _InputIterator __last,
         [01;36m[K^~~~~~~~~~~~~[m[K
[01m[K/usr/include/c++/8/bits/stl_uninitialized.h:76:9:[m[K [01;36m[Knote: [m[Kparameter passing for argument of type ‘[01m[Kstd::move_iterator<dynamic_reconfigure::DoubleParameter_<std::allocator<void> >*>[m[K’ changed in GCC 7.1
[ 94%] Built target sharp_node
[100%] [32m[1mLinking CXX executable /home/pi/catkin_ws/devel/.private/vmxpi_ros_bringup/lib/vmxpi_ros_bringup/test_node[0m
[100%] Built target test_node
